[0.056s] Invoking command in '/home/ahmed/pso_visual_ws/build/turtlebot3_description': CMAKE_PREFIX_PATH=/home/ahmed/pso_visual_ws/install/pso_visual:/opt/ros/humble /usr/bin/cmake /home/ahmed/pso_visual_ws/src/turtlebot3/turtlebot3_description -DAMENT_CMAKE_SYMLINK_INSTALL=1 -DCMAKE_INSTALL_PREFIX=/home/ahmed/pso_visual_ws/install/turtlebot3_description
[0.345s] -- The C compiler identification is GNU 11.4.0
[0.542s] -- The CXX compiler identification is GNU 11.4.0
[0.560s] -- Detecting C compiler ABI info
[0.696s] -- Detecting C compiler ABI info - done
[0.703s] -- Check for working C compiler: /usr/bin/cc - skipped
[0.706s] -- Detecting C compile features
[0.707s] -- Detecting C compile features - done
[0.716s] -- Detecting CXX compiler ABI info
[0.830s] -- Detecting CXX compiler ABI info - done
[0.830s] -- Check for working CXX compiler: /usr/bin/c++ - skipped
[0.830s] -- Detecting CXX compile features
[0.830s] -- Detecting CXX compile features - done
[0.833s] -- Found ament_cmake: 1.3.11 (/opt/ros/humble/share/ament_cmake/cmake)
[1.010s] -- Found Python3: /usr/bin/python3 (found version "3.10.12") found components: Interpreter 
[1.086s] -- Override CMake install command with custom implementation using symlinks instead of copying resources
[1.180s] -- Found urdf: 2.6.1 (/opt/ros/humble/share/urdf/cmake)
[1.372s] -- Configuring done
[1.372s] -- Generating done
[1.373s] -- Build files have been written to: /home/ahmed/pso_visual_ws/build/turtlebot3_description
[1.401s] Invoked command in '/home/ahmed/pso_visual_ws/build/turtlebot3_description' returned '0': CMAKE_PREFIX_PATH=/home/ahmed/pso_visual_ws/install/pso_visual:/opt/ros/humble /usr/bin/cmake /home/ahmed/pso_visual_ws/src/turtlebot3/turtlebot3_description -DAMENT_CMAKE_SYMLINK_INSTALL=1 -DCMAKE_INSTALL_PREFIX=/home/ahmed/pso_visual_ws/install/turtlebot3_description
[1.402s] Invoking command in '/home/ahmed/pso_visual_ws/build/turtlebot3_description': CMAKE_PREFIX_PATH=/home/ahmed/pso_visual_ws/install/pso_visual:/opt/ros/humble /usr/bin/cmake --build /home/ahmed/pso_visual_ws/build/turtlebot3_description -- -j4 -l4
[1.471s] Invoked command in '/home/ahmed/pso_visual_ws/build/turtlebot3_description' returned '0': CMAKE_PREFIX_PATH=/home/ahmed/pso_visual_ws/install/pso_visual:/opt/ros/humble /usr/bin/cmake --build /home/ahmed/pso_visual_ws/build/turtlebot3_description -- -j4 -l4
[1.472s] Invoking command in '/home/ahmed/pso_visual_ws/build/turtlebot3_description': CMAKE_PREFIX_PATH=/home/ahmed/pso_visual_ws/install/pso_visual:/opt/ros/humble /usr/bin/cmake --install /home/ahmed/pso_visual_ws/build/turtlebot3_description
[1.480s] -- Install configuration: ""
[1.481s] -- Execute custom install script
[1.482s] -- Symlinking: /home/ahmed/pso_visual_ws/install/turtlebot3_description/share/turtlebot3_description/meshes/bases/burger_base.stl
[1.492s] -- Symlinking: /home/ahmed/pso_visual_ws/install/turtlebot3_description/share/turtlebot3_description/meshes/bases/waffle_base.stl
[1.502s] -- Symlinking: /home/ahmed/pso_visual_ws/install/turtlebot3_description/share/turtlebot3_description/meshes/bases/waffle_pi_base.stl
[1.513s] -- Symlinking: /home/ahmed/pso_visual_ws/install/turtlebot3_description/share/turtlebot3_description/meshes/sensors/astra.dae
[1.546s] -- Symlinking: /home/ahmed/pso_visual_ws/install/turtlebot3_description/share/turtlebot3_description/meshes/sensors/astra.jpg
[1.590s] -- Symlinking: /home/ahmed/pso_visual_ws/install/turtlebot3_description/share/turtlebot3_description/meshes/sensors/lds.stl
[1.602s] -- Symlinking: /home/ahmed/pso_visual_ws/install/turtlebot3_description/share/turtlebot3_description/meshes/sensors/r200.dae
[1.615s] -- Symlinking: /home/ahmed/pso_visual_ws/install/turtlebot3_description/share/turtlebot3_description/meshes/sensors/r200.jpg
[1.665s] -- Symlinking: /home/ahmed/pso_visual_ws/install/turtlebot3_description/share/turtlebot3_description/meshes/wheels/left_tire.stl
[1.681s] -- Symlinking: /home/ahmed/pso_visual_ws/install/turtlebot3_description/share/turtlebot3_description/meshes/wheels/right_tire.stl
[1.690s] -- Symlinking: /home/ahmed/pso_visual_ws/install/turtlebot3_description/share/turtlebot3_description/rviz/model.rviz
[1.700s] -- Symlinking: /home/ahmed/pso_visual_ws/install/turtlebot3_description/share/turtlebot3_description/urdf/common_properties.urdf
[1.717s] -- Symlinking: /home/ahmed/pso_visual_ws/install/turtlebot3_description/share/turtlebot3_description/urdf/turtlebot3_burger.urdf
[1.741s] -- Symlinking: /home/ahmed/pso_visual_ws/install/turtlebot3_description/share/turtlebot3_description/urdf/turtlebot3_waffle.urdf
[1.755s] -- Symlinking: /home/ahmed/pso_visual_ws/install/turtlebot3_description/share/turtlebot3_description/urdf/turtlebot3_waffle_pi.urdf
[1.768s] -- Symlinking: /home/ahmed/pso_visual_ws/install/turtlebot3_description/share/ament_index/resource_index/package_run_dependencies/turtlebot3_description
[1.779s] -- Symlinking: /home/ahmed/pso_visual_ws/install/turtlebot3_description/share/ament_index/resource_index/parent_prefix_path/turtlebot3_description
[1.788s] -- Symlinking: /home/ahmed/pso_visual_ws/install/turtlebot3_description/share/turtlebot3_description/environment/ament_prefix_path.sh
[1.797s] -- Symlinking: /home/ahmed/pso_visual_ws/install/turtlebot3_description/share/turtlebot3_description/environment/ament_prefix_path.dsv
[1.810s] -- Symlinking: /home/ahmed/pso_visual_ws/install/turtlebot3_description/share/turtlebot3_description/environment/path.sh
[1.837s] -- Symlinking: /home/ahmed/pso_visual_ws/install/turtlebot3_description/share/turtlebot3_description/environment/path.dsv
[1.847s] -- Symlinking: /home/ahmed/pso_visual_ws/install/turtlebot3_description/share/turtlebot3_description/local_setup.bash
[1.870s] -- Symlinking: /home/ahmed/pso_visual_ws/install/turtlebot3_description/share/turtlebot3_description/local_setup.sh
[1.915s] -- Symlinking: /home/ahmed/pso_visual_ws/install/turtlebot3_description/share/turtlebot3_description/local_setup.zsh
[1.941s] -- Symlinking: /home/ahmed/pso_visual_ws/install/turtlebot3_description/share/turtlebot3_description/local_setup.dsv
[1.951s] -- Symlinking: /home/ahmed/pso_visual_ws/install/turtlebot3_description/share/turtlebot3_description/package.dsv
[1.969s] -- Symlinking: /home/ahmed/pso_visual_ws/install/turtlebot3_description/share/ament_index/resource_index/packages/turtlebot3_description
[1.978s] -- Symlinking: /home/ahmed/pso_visual_ws/install/turtlebot3_description/share/turtlebot3_description/cmake/turtlebot3_descriptionConfig.cmake
[1.989s] -- Symlinking: /home/ahmed/pso_visual_ws/install/turtlebot3_description/share/turtlebot3_description/cmake/turtlebot3_descriptionConfig-version.cmake
[1.997s] -- Symlinking: /home/ahmed/pso_visual_ws/install/turtlebot3_description/share/turtlebot3_description/package.xml
[2.018s] Invoked command in '/home/ahmed/pso_visual_ws/build/turtlebot3_description' returned '0': CMAKE_PREFIX_PATH=/home/ahmed/pso_visual_ws/install/pso_visual:/opt/ros/humble /usr/bin/cmake --install /home/ahmed/pso_visual_ws/build/turtlebot3_description
