[0.067s] Invoking command in '/home/ahmed/pso_visual_ws/build/turtlebot3_node': CMAKE_PREFIX_PATH=/home/ahmed/pso_visual_ws/install/pso_visual:/opt/ros/humble /usr/bin/cmake /home/ahmed/pso_visual_ws/src/turtlebot3/turtlebot3_node -DAMENT_CMAKE_SYMLINK_INSTALL=1 -DCMAKE_INSTALL_PREFIX=/home/ahmed/pso_visual_ws/install/turtlebot3_node
[0.311s] -- The C compiler identification is GNU 11.4.0
[0.513s] -- The CXX compiler identification is GNU 11.4.0
[0.529s] -- Detecting C compiler ABI info
[0.666s] -- Detecting C compiler ABI info - done
[0.672s] -- Check for working C compiler: /usr/bin/cc - skipped
[0.674s] -- Detecting C compile features
[0.676s] -- Detecting C compile features - done
[0.680s] -- Detecting CXX compiler ABI info
[0.807s] -- Detecting CXX compiler ABI info - done
[0.826s] -- Check for working CXX compiler: /usr/bin/c++ - skipped
[0.826s] -- Detecting CXX compile features
[0.826s] -- Detecting CXX compile features - done
[0.826s] -- Found ament_cmake: 1.3.11 (/opt/ros/humble/share/ament_cmake/cmake)
[0.988s] -- Found Python3: /usr/bin/python3 (found version "3.10.12") found components: Interpreter 
[1.055s] -- Override CMake install command with custom implementation using symlinks instead of copying resources
[1.148s] -- Found dynamixel_sdk: 3.8.2 (/opt/ros/humble/share/dynamixel_sdk/cmake)
[1.154s] -- Found geometry_msgs: 4.8.0 (/opt/ros/humble/share/geometry_msgs/cmake)
[1.339s] -- Found rosidl_generator_c: 3.1.6 (/opt/ros/humble/share/rosidl_generator_c/cmake)
[1.369s] -- Found rosidl_adapter: 3.1.6 (/opt/ros/humble/share/rosidl_adapter/cmake)
[1.403s] -- Found rosidl_generator_cpp: 3.1.6 (/opt/ros/humble/share/rosidl_generator_cpp/cmake)
[1.441s] -- Using all available rosidl_typesupport_c: rosidl_typesupport_fastrtps_c;rosidl_typesupport_introspection_c
[1.466s] -- Using all available rosidl_typesupport_cpp: rosidl_typesupport_fastrtps_cpp;rosidl_typesupport_introspection_cpp
[1.573s] -- Found message_filters: 4.3.6 (/opt/ros/humble/share/message_filters/cmake)
[1.653s] -- Found rmw_implementation_cmake: 6.1.2 (/opt/ros/humble/share/rmw_implementation_cmake/cmake)
[1.666s] -- Found rmw_cyclonedds_cpp: 1.3.4 (/opt/ros/humble/share/rmw_cyclonedds_cpp/cmake)
[1.731s] -- Using RMW implementation 'rmw_cyclonedds_cpp' as default
[1.750s] -- Looking for pthread.h
[1.930s] -- Looking for pthread.h - found
[1.931s] -- Performing Test CMAKE_HAVE_LIBC_PTHREAD
[2.111s] -- Performing Test CMAKE_HAVE_LIBC_PTHREAD - Success
[2.111s] -- Found Threads: TRUE  
[2.249s] -- Found nav_msgs: 4.8.0 (/opt/ros/humble/share/nav_msgs/cmake)
[2.279s] -- Found sensor_msgs: 4.8.0 (/opt/ros/humble/share/sensor_msgs/cmake)
[2.317s] -- Found std_srvs: 4.8.0 (/opt/ros/humble/share/std_srvs/cmake)
[2.339s] -- Found tf2: 0.25.12 (/opt/ros/humble/share/tf2/cmake)
[2.364s] -- Found tf2_ros: 0.25.12 (/opt/ros/humble/share/tf2_ros/cmake)
[2.563s] -- Found turtlebot3_msgs: 2.3.0 (/opt/ros/humble/share/turtlebot3_msgs/cmake)
[2.693s] -- Configuring done
[2.722s] -- Generating done
[2.740s] -- Build files have been written to: /home/ahmed/pso_visual_ws/build/turtlebot3_node
