[0.037s] Invoking command in '/home/ahmed/pso_visual_ws/build/turtlebot3': AMENT_PREFIX_PATH=/home/ahmed/pso_visual_ws/install/turtlebot3_bringup:/home/ahmed/pso_visual_ws/install/turtlebot3_teleop:/home/ahmed/pso_visual_ws/install/turtlebot3_node:/home/ahmed/pso_visual_ws/install/turtlebot3_navigation2:/home/ahmed/pso_visual_ws/install/turtlebot3_example:/home/ahmed/pso_visual_ws/install/turtlebot3_description:/home/ahmed/pso_visual_ws/install/turtlebot3_cartographer:${AMENT_PREFIX_PATH} CMAKE_PREFIX_PATH=/home/ahmed/pso_visual_ws/install/turtlebot3_bringup:/home/ahmed/pso_visual_ws/install/turtlebot3_node:/home/ahmed/pso_visual_ws/install/turtlebot3_navigation2:/home/ahmed/pso_visual_ws/install/turtlebot3_description:/home/ahmed/pso_visual_ws/install/turtlebot3_cartographer:/home/ahmed/pso_visual_ws/install/pso_visual:/opt/ros/humble PYTHONPATH=/home/ahmed/pso_visual_ws/build/turtlebot3_teleop:/home/ahmed/pso_visual_ws/install/turtlebot3_teleop/lib/python3.10/site-packages:/home/ahmed/pso_visual_ws/build/turtlebot3_example:/home/ahmed/pso_visual_ws/install/turtlebot3_example/lib/python3.10/site-packages:${PYTHONPATH} /usr/bin/cmake /home/ahmed/pso_visual_ws/src/turtlebot3/turtlebot3 -DAMENT_CMAKE_SYMLINK_INSTALL=1 -DCMAKE_INSTALL_PREFIX=/home/ahmed/pso_visual_ws/install/turtlebot3
[0.129s] -- The C compiler identification is GNU 11.4.0
[0.180s] -- The CXX compiler identification is GNU 11.4.0
[0.191s] -- Detecting C compiler ABI info
[0.281s] -- Detecting C compiler ABI info - done
[0.287s] -- Check for working C compiler: /usr/bin/cc - skipped
[0.287s] -- Detecting C compile features
[0.294s] -- Detecting C compile features - done
[0.294s] -- Detecting CXX compiler ABI info
[0.422s] -- Detecting CXX compiler ABI info - done
[0.429s] -- Check for working CXX compiler: /usr/bin/c++ - skipped
[0.429s] -- Detecting CXX compile features
[0.429s] -- Detecting CXX compile features - done
[0.432s] -- Found ament_cmake: 1.3.11 (/opt/ros/humble/share/ament_cmake/cmake)
[0.606s] -- Found Python3: /usr/bin/python3 (found version "3.10.12") found components: Interpreter 
[0.659s] -- Override CMake install command with custom implementation using symlinks instead of copying resources
[0.757s] -- Configuring done
[0.759s] -- Generating done
[0.770s] -- Build files have been written to: /home/ahmed/pso_visual_ws/build/turtlebot3
[0.788s] Invoked command in '/home/ahmed/pso_visual_ws/build/turtlebot3' returned '0': AMENT_PREFIX_PATH=/home/ahmed/pso_visual_ws/install/turtlebot3_bringup:/home/ahmed/pso_visual_ws/install/turtlebot3_teleop:/home/ahmed/pso_visual_ws/install/turtlebot3_node:/home/ahmed/pso_visual_ws/install/turtlebot3_navigation2:/home/ahmed/pso_visual_ws/install/turtlebot3_example:/home/ahmed/pso_visual_ws/install/turtlebot3_description:/home/ahmed/pso_visual_ws/install/turtlebot3_cartographer:${AMENT_PREFIX_PATH} CMAKE_PREFIX_PATH=/home/ahmed/pso_visual_ws/install/turtlebot3_bringup:/home/ahmed/pso_visual_ws/install/turtlebot3_node:/home/ahmed/pso_visual_ws/install/turtlebot3_navigation2:/home/ahmed/pso_visual_ws/install/turtlebot3_description:/home/ahmed/pso_visual_ws/install/turtlebot3_cartographer:/home/ahmed/pso_visual_ws/install/pso_visual:/opt/ros/humble PYTHONPATH=/home/ahmed/pso_visual_ws/build/turtlebot3_teleop:/home/ahmed/pso_visual_ws/install/turtlebot3_teleop/lib/python3.10/site-packages:/home/ahmed/pso_visual_ws/build/turtlebot3_example:/home/ahmed/pso_visual_ws/install/turtlebot3_example/lib/python3.10/site-packages:${PYTHONPATH} /usr/bin/cmake /home/ahmed/pso_visual_ws/src/turtlebot3/turtlebot3 -DAMENT_CMAKE_SYMLINK_INSTALL=1 -DCMAKE_INSTALL_PREFIX=/home/ahmed/pso_visual_ws/install/turtlebot3
[0.791s] Invoking command in '/home/ahmed/pso_visual_ws/build/turtlebot3': AMENT_PREFIX_PATH=/home/ahmed/pso_visual_ws/install/turtlebot3_bringup:/home/ahmed/pso_visual_ws/install/turtlebot3_teleop:/home/ahmed/pso_visual_ws/install/turtlebot3_node:/home/ahmed/pso_visual_ws/install/turtlebot3_navigation2:/home/ahmed/pso_visual_ws/install/turtlebot3_example:/home/ahmed/pso_visual_ws/install/turtlebot3_description:/home/ahmed/pso_visual_ws/install/turtlebot3_cartographer:${AMENT_PREFIX_PATH} CMAKE_PREFIX_PATH=/home/ahmed/pso_visual_ws/install/turtlebot3_bringup:/home/ahmed/pso_visual_ws/install/turtlebot3_node:/home/ahmed/pso_visual_ws/install/turtlebot3_navigation2:/home/ahmed/pso_visual_ws/install/turtlebot3_description:/home/ahmed/pso_visual_ws/install/turtlebot3_cartographer:/home/ahmed/pso_visual_ws/install/pso_visual:/opt/ros/humble PYTHONPATH=/home/ahmed/pso_visual_ws/build/turtlebot3_teleop:/home/ahmed/pso_visual_ws/install/turtlebot3_teleop/lib/python3.10/site-packages:/home/ahmed/pso_visual_ws/build/turtlebot3_example:/home/ahmed/pso_visual_ws/install/turtlebot3_example/lib/python3.10/site-packages:${PYTHONPATH} /usr/bin/cmake --build /home/ahmed/pso_visual_ws/build/turtlebot3 -- -j4 -l4
[0.836s] Invoked command in '/home/ahmed/pso_visual_ws/build/turtlebot3' returned '0': AMENT_PREFIX_PATH=/home/ahmed/pso_visual_ws/install/turtlebot3_bringup:/home/ahmed/pso_visual_ws/install/turtlebot3_teleop:/home/ahmed/pso_visual_ws/install/turtlebot3_node:/home/ahmed/pso_visual_ws/install/turtlebot3_navigation2:/home/ahmed/pso_visual_ws/install/turtlebot3_example:/home/ahmed/pso_visual_ws/install/turtlebot3_description:/home/ahmed/pso_visual_ws/install/turtlebot3_cartographer:${AMENT_PREFIX_PATH} CMAKE_PREFIX_PATH=/home/ahmed/pso_visual_ws/install/turtlebot3_bringup:/home/ahmed/pso_visual_ws/install/turtlebot3_node:/home/ahmed/pso_visual_ws/install/turtlebot3_navigation2:/home/ahmed/pso_visual_ws/install/turtlebot3_description:/home/ahmed/pso_visual_ws/install/turtlebot3_cartographer:/home/ahmed/pso_visual_ws/install/pso_visual:/opt/ros/humble PYTHONPATH=/home/ahmed/pso_visual_ws/build/turtlebot3_teleop:/home/ahmed/pso_visual_ws/install/turtlebot3_teleop/lib/python3.10/site-packages:/home/ahmed/pso_visual_ws/build/turtlebot3_example:/home/ahmed/pso_visual_ws/install/turtlebot3_example/lib/python3.10/site-packages:${PYTHONPATH} /usr/bin/cmake --build /home/ahmed/pso_visual_ws/build/turtlebot3 -- -j4 -l4
[0.839s] Invoking command in '/home/ahmed/pso_visual_ws/build/turtlebot3': AMENT_PREFIX_PATH=/home/ahmed/pso_visual_ws/install/turtlebot3_bringup:/home/ahmed/pso_visual_ws/install/turtlebot3_teleop:/home/ahmed/pso_visual_ws/install/turtlebot3_node:/home/ahmed/pso_visual_ws/install/turtlebot3_navigation2:/home/ahmed/pso_visual_ws/install/turtlebot3_example:/home/ahmed/pso_visual_ws/install/turtlebot3_description:/home/ahmed/pso_visual_ws/install/turtlebot3_cartographer:${AMENT_PREFIX_PATH} CMAKE_PREFIX_PATH=/home/ahmed/pso_visual_ws/install/turtlebot3_bringup:/home/ahmed/pso_visual_ws/install/turtlebot3_node:/home/ahmed/pso_visual_ws/install/turtlebot3_navigation2:/home/ahmed/pso_visual_ws/install/turtlebot3_description:/home/ahmed/pso_visual_ws/install/turtlebot3_cartographer:/home/ahmed/pso_visual_ws/install/pso_visual:/opt/ros/humble PYTHONPATH=/home/ahmed/pso_visual_ws/build/turtlebot3_teleop:/home/ahmed/pso_visual_ws/install/turtlebot3_teleop/lib/python3.10/site-packages:/home/ahmed/pso_visual_ws/build/turtlebot3_example:/home/ahmed/pso_visual_ws/install/turtlebot3_example/lib/python3.10/site-packages:${PYTHONPATH} /usr/bin/cmake --install /home/ahmed/pso_visual_ws/build/turtlebot3
[0.848s] -- Install configuration: ""
[0.848s] -- Execute custom install script
[0.848s] -- Symlinking: /home/ahmed/pso_visual_ws/install/turtlebot3/share/ament_index/resource_index/package_run_dependencies/turtlebot3
[0.860s] -- Symlinking: /home/ahmed/pso_visual_ws/install/turtlebot3/share/ament_index/resource_index/parent_prefix_path/turtlebot3
[0.895s] -- Symlinking: /home/ahmed/pso_visual_ws/install/turtlebot3/share/turtlebot3/environment/ament_prefix_path.sh
[0.926s] -- Symlinking: /home/ahmed/pso_visual_ws/install/turtlebot3/share/turtlebot3/environment/ament_prefix_path.dsv
[0.942s] -- Symlinking: /home/ahmed/pso_visual_ws/install/turtlebot3/share/turtlebot3/environment/path.sh
[0.951s] -- Symlinking: /home/ahmed/pso_visual_ws/install/turtlebot3/share/turtlebot3/environment/path.dsv
[0.974s] -- Symlinking: /home/ahmed/pso_visual_ws/install/turtlebot3/share/turtlebot3/local_setup.bash
[0.988s] -- Symlinking: /home/ahmed/pso_visual_ws/install/turtlebot3/share/turtlebot3/local_setup.sh
[0.999s] -- Symlinking: /home/ahmed/pso_visual_ws/install/turtlebot3/share/turtlebot3/local_setup.zsh
[1.008s] -- Symlinking: /home/ahmed/pso_visual_ws/install/turtlebot3/share/turtlebot3/local_setup.dsv
[1.019s] -- Symlinking: /home/ahmed/pso_visual_ws/install/turtlebot3/share/turtlebot3/package.dsv
[1.029s] -- Symlinking: /home/ahmed/pso_visual_ws/install/turtlebot3/share/ament_index/resource_index/packages/turtlebot3
[1.039s] -- Symlinking: /home/ahmed/pso_visual_ws/install/turtlebot3/share/turtlebot3/cmake/turtlebot3Config.cmake
[1.049s] -- Symlinking: /home/ahmed/pso_visual_ws/install/turtlebot3/share/turtlebot3/cmake/turtlebot3Config-version.cmake
[1.059s] -- Symlinking: /home/ahmed/pso_visual_ws/install/turtlebot3/share/turtlebot3/package.xml
[1.104s] Invoked command in '/home/ahmed/pso_visual_ws/build/turtlebot3' returned '0': AMENT_PREFIX_PATH=/home/ahmed/pso_visual_ws/install/turtlebot3_bringup:/home/ahmed/pso_visual_ws/install/turtlebot3_teleop:/home/ahmed/pso_visual_ws/install/turtlebot3_node:/home/ahmed/pso_visual_ws/install/turtlebot3_navigation2:/home/ahmed/pso_visual_ws/install/turtlebot3_example:/home/ahmed/pso_visual_ws/install/turtlebot3_description:/home/ahmed/pso_visual_ws/install/turtlebot3_cartographer:${AMENT_PREFIX_PATH} CMAKE_PREFIX_PATH=/home/ahmed/pso_visual_ws/install/turtlebot3_bringup:/home/ahmed/pso_visual_ws/install/turtlebot3_node:/home/ahmed/pso_visual_ws/install/turtlebot3_navigation2:/home/ahmed/pso_visual_ws/install/turtlebot3_description:/home/ahmed/pso_visual_ws/install/turtlebot3_cartographer:/home/ahmed/pso_visual_ws/install/pso_visual:/opt/ros/humble PYTHONPATH=/home/ahmed/pso_visual_ws/build/turtlebot3_teleop:/home/ahmed/pso_visual_ws/install/turtlebot3_teleop/lib/python3.10/site-packages:/home/ahmed/pso_visual_ws/build/turtlebot3_example:/home/ahmed/pso_visual_ws/install/turtlebot3_example/lib/python3.10/site-packages:${PYTHONPATH} /usr/bin/cmake --install /home/ahmed/pso_visual_ws/build/turtlebot3
