[0.026s] Invoking command in '/home/ahmed/pso_visual_ws/build/turtlebot3_cartographer': CMAKE_PREFIX_PATH=/home/ahmed/pso_visual_ws/install/pso_visual:/opt/ros/humble /usr/bin/cmake --build /home/ahmed/pso_visual_ws/build/turtlebot3_cartographer -- -j4 -l4
[0.387s] Invoked command in '/home/ahmed/pso_visual_ws/build/turtlebot3_cartographer' returned '0': CMAKE_PREFIX_PATH=/home/ahmed/pso_visual_ws/install/pso_visual:/opt/ros/humble /usr/bin/cmake --build /home/ahmed/pso_visual_ws/build/turtlebot3_cartographer -- -j4 -l4
[0.401s] Invoking command in '/home/ahmed/pso_visual_ws/build/turtlebot3_cartographer': CMAKE_PREFIX_PATH=/home/ahmed/pso_visual_ws/install/pso_visual:/opt/ros/humble /usr/bin/cmake --install /home/ahmed/pso_visual_ws/build/turtlebot3_cartographer
[0.423s] -- Install configuration: ""
[0.423s] -- Execute custom install script
[0.423s] -- Up-to-date symlink: /home/ahmed/pso_visual_ws/install/turtlebot3_cartographer/share/turtlebot3_cartographer/config/turtlebot3_lds_2d.lua
[0.423s] -- Up-to-date symlink: /home/ahmed/pso_visual_ws/install/turtlebot3_cartographer/share/turtlebot3_cartographer/launch/cartographer.launch.py
[0.423s] -- Up-to-date symlink: /home/ahmed/pso_visual_ws/install/turtlebot3_cartographer/share/turtlebot3_cartographer/launch/occupancy_grid.launch.py
[0.423s] -- Up-to-date symlink: /home/ahmed/pso_visual_ws/install/turtlebot3_cartographer/share/turtlebot3_cartographer/rviz/tb3_cartographer.rviz
[0.423s] -- Up-to-date symlink: /home/ahmed/pso_visual_ws/install/turtlebot3_cartographer/share/ament_index/resource_index/package_run_dependencies/turtlebot3_cartographer
[0.423s] -- Up-to-date symlink: /home/ahmed/pso_visual_ws/install/turtlebot3_cartographer/share/ament_index/resource_index/parent_prefix_path/turtlebot3_cartographer
[0.423s] -- Up-to-date symlink: /home/ahmed/pso_visual_ws/install/turtlebot3_cartographer/share/turtlebot3_cartographer/environment/ament_prefix_path.sh
[0.423s] -- Up-to-date symlink: /home/ahmed/pso_visual_ws/install/turtlebot3_cartographer/share/turtlebot3_cartographer/environment/ament_prefix_path.dsv
[0.423s] -- Up-to-date symlink: /home/ahmed/pso_visual_ws/install/turtlebot3_cartographer/share/turtlebot3_cartographer/environment/path.sh
[0.423s] -- Up-to-date symlink: /home/ahmed/pso_visual_ws/install/turtlebot3_cartographer/share/turtlebot3_cartographer/environment/path.dsv
[0.423s] -- Up-to-date symlink: /home/ahmed/pso_visual_ws/install/turtlebot3_cartographer/share/turtlebot3_cartographer/local_setup.bash
[0.423s] -- Up-to-date symlink: /home/ahmed/pso_visual_ws/install/turtlebot3_cartographer/share/turtlebot3_cartographer/local_setup.sh
[0.424s] -- Up-to-date symlink: /home/ahmed/pso_visual_ws/install/turtlebot3_cartographer/share/turtlebot3_cartographer/local_setup.zsh
[0.424s] -- Up-to-date symlink: /home/ahmed/pso_visual_ws/install/turtlebot3_cartographer/share/turtlebot3_cartographer/local_setup.dsv
[0.424s] -- Symlinking: /home/ahmed/pso_visual_ws/install/turtlebot3_cartographer/share/turtlebot3_cartographer/package.dsv
[0.468s] -- Up-to-date symlink: /home/ahmed/pso_visual_ws/install/turtlebot3_cartographer/share/ament_index/resource_index/packages/turtlebot3_cartographer
[0.468s] -- Up-to-date symlink: /home/ahmed/pso_visual_ws/install/turtlebot3_cartographer/share/turtlebot3_cartographer/cmake/turtlebot3_cartographerConfig.cmake
[0.468s] -- Up-to-date symlink: /home/ahmed/pso_visual_ws/install/turtlebot3_cartographer/share/turtlebot3_cartographer/cmake/turtlebot3_cartographerConfig-version.cmake
[0.468s] -- Up-to-date symlink: /home/ahmed/pso_visual_ws/install/turtlebot3_cartographer/share/turtlebot3_cartographer/package.xml
[0.476s] Invoked command in '/home/ahmed/pso_visual_ws/build/turtlebot3_cartographer' returned '0': CMAKE_PREFIX_PATH=/home/ahmed/pso_visual_ws/install/pso_visual:/opt/ros/humble /usr/bin/cmake --install /home/ahmed/pso_visual_ws/build/turtlebot3_cartographer
