[0.022s] Invoking command in '/home/ahmed/pso_visual_ws/build/turtlebot3_simulations': AMENT_PREFIX_PATH=/home/ahmed/pso_visual_ws/install/turtlebot3_gazebo:/home/ahmed/pso_visual_ws/install/turtlebot3_fake_node:${AMENT_PREFIX_PATH} CMAKE_PREFIX_PATH=/home/ahmed/pso_visual_ws/install/turtlebot3_gazebo:/home/ahmed/pso_visual_ws/install/turtlebot3_fake_node:/home/ahmed/pso_visual_ws/install/pso_visual:/opt/ros/humble /usr/bin/cmake /home/ahmed/pso_visual_ws/src/turtlebot3_simulations/turtlebot3_simulations -DAMENT_CMAKE_SYMLINK_INSTALL=1 -DCMAKE_INSTALL_PREFIX=/home/ahmed/pso_visual_ws/install/turtlebot3_simulations
[0.091s] -- The C compiler identification is GNU 11.4.0
[0.171s] -- The CXX compiler identification is GNU 11.4.0
[0.181s] -- Detecting C compiler ABI info
[0.266s] -- Detecting C compiler ABI info - done
[0.273s] -- Check for working C compiler: /usr/bin/cc - skipped
[0.273s] -- Detecting C compile features
[0.274s] -- Detecting C compile features - done
[0.276s] -- Detecting CXX compiler ABI info
[0.376s] -- Detecting CXX compiler ABI info - done
[0.384s] -- Check for working CXX compiler: /usr/bin/c++ - skipped
[0.387s] -- Detecting CXX compile features
[0.387s] -- Detecting CXX compile features - done
[0.387s] -- Found ament_cmake: 1.3.11 (/opt/ros/humble/share/ament_cmake/cmake)
[0.549s] -- Found Python3: /usr/bin/python3 (found version "3.10.12") found components: Interpreter 
[0.606s] -- Override CMake install command with custom implementation using symlinks instead of copying resources
[0.694s] -- Configuring done
[0.695s] -- Generating done
[0.697s] -- Build files have been written to: /home/ahmed/pso_visual_ws/build/turtlebot3_simulations
[0.703s] Invoked command in '/home/ahmed/pso_visual_ws/build/turtlebot3_simulations' returned '0': AMENT_PREFIX_PATH=/home/ahmed/pso_visual_ws/install/turtlebot3_gazebo:/home/ahmed/pso_visual_ws/install/turtlebot3_fake_node:${AMENT_PREFIX_PATH} CMAKE_PREFIX_PATH=/home/ahmed/pso_visual_ws/install/turtlebot3_gazebo:/home/ahmed/pso_visual_ws/install/turtlebot3_fake_node:/home/ahmed/pso_visual_ws/install/pso_visual:/opt/ros/humble /usr/bin/cmake /home/ahmed/pso_visual_ws/src/turtlebot3_simulations/turtlebot3_simulations -DAMENT_CMAKE_SYMLINK_INSTALL=1 -DCMAKE_INSTALL_PREFIX=/home/ahmed/pso_visual_ws/install/turtlebot3_simulations
[0.707s] Invoking command in '/home/ahmed/pso_visual_ws/build/turtlebot3_simulations': AMENT_PREFIX_PATH=/home/ahmed/pso_visual_ws/install/turtlebot3_gazebo:/home/ahmed/pso_visual_ws/install/turtlebot3_fake_node:${AMENT_PREFIX_PATH} CMAKE_PREFIX_PATH=/home/ahmed/pso_visual_ws/install/turtlebot3_gazebo:/home/ahmed/pso_visual_ws/install/turtlebot3_fake_node:/home/ahmed/pso_visual_ws/install/pso_visual:/opt/ros/humble /usr/bin/cmake --build /home/ahmed/pso_visual_ws/build/turtlebot3_simulations -- -j4 -l4
[0.761s] Invoked command in '/home/ahmed/pso_visual_ws/build/turtlebot3_simulations' returned '0': AMENT_PREFIX_PATH=/home/ahmed/pso_visual_ws/install/turtlebot3_gazebo:/home/ahmed/pso_visual_ws/install/turtlebot3_fake_node:${AMENT_PREFIX_PATH} CMAKE_PREFIX_PATH=/home/ahmed/pso_visual_ws/install/turtlebot3_gazebo:/home/ahmed/pso_visual_ws/install/turtlebot3_fake_node:/home/ahmed/pso_visual_ws/install/pso_visual:/opt/ros/humble /usr/bin/cmake --build /home/ahmed/pso_visual_ws/build/turtlebot3_simulations -- -j4 -l4
[0.762s] Invoking command in '/home/ahmed/pso_visual_ws/build/turtlebot3_simulations': AMENT_PREFIX_PATH=/home/ahmed/pso_visual_ws/install/turtlebot3_gazebo:/home/ahmed/pso_visual_ws/install/turtlebot3_fake_node:${AMENT_PREFIX_PATH} CMAKE_PREFIX_PATH=/home/ahmed/pso_visual_ws/install/turtlebot3_gazebo:/home/ahmed/pso_visual_ws/install/turtlebot3_fake_node:/home/ahmed/pso_visual_ws/install/pso_visual:/opt/ros/humble /usr/bin/cmake --install /home/ahmed/pso_visual_ws/build/turtlebot3_simulations
[0.769s] -- Install configuration: ""
[0.770s] -- Execute custom install script
[0.770s] -- Symlinking: /home/ahmed/pso_visual_ws/install/turtlebot3_simulations/share/ament_index/resource_index/package_run_dependencies/turtlebot3_simulations
[0.780s] -- Symlinking: /home/ahmed/pso_visual_ws/install/turtlebot3_simulations/share/ament_index/resource_index/parent_prefix_path/turtlebot3_simulations
[0.790s] -- Symlinking: /home/ahmed/pso_visual_ws/install/turtlebot3_simulations/share/turtlebot3_simulations/environment/ament_prefix_path.sh
[0.799s] -- Symlinking: /home/ahmed/pso_visual_ws/install/turtlebot3_simulations/share/turtlebot3_simulations/environment/ament_prefix_path.dsv
[0.808s] -- Symlinking: /home/ahmed/pso_visual_ws/install/turtlebot3_simulations/share/turtlebot3_simulations/environment/path.sh
[0.827s] -- Symlinking: /home/ahmed/pso_visual_ws/install/turtlebot3_simulations/share/turtlebot3_simulations/environment/path.dsv
[0.842s] -- Symlinking: /home/ahmed/pso_visual_ws/install/turtlebot3_simulations/share/turtlebot3_simulations/local_setup.bash
[0.853s] -- Symlinking: /home/ahmed/pso_visual_ws/install/turtlebot3_simulations/share/turtlebot3_simulations/local_setup.sh
[0.863s] -- Symlinking: /home/ahmed/pso_visual_ws/install/turtlebot3_simulations/share/turtlebot3_simulations/local_setup.zsh
[0.873s] -- Symlinking: /home/ahmed/pso_visual_ws/install/turtlebot3_simulations/share/turtlebot3_simulations/local_setup.dsv
[0.882s] -- Symlinking: /home/ahmed/pso_visual_ws/install/turtlebot3_simulations/share/turtlebot3_simulations/package.dsv
[0.893s] -- Symlinking: /home/ahmed/pso_visual_ws/install/turtlebot3_simulations/share/ament_index/resource_index/packages/turtlebot3_simulations
[0.903s] -- Symlinking: /home/ahmed/pso_visual_ws/install/turtlebot3_simulations/share/turtlebot3_simulations/cmake/turtlebot3_simulationsConfig.cmake
[0.933s] -- Symlinking: /home/ahmed/pso_visual_ws/install/turtlebot3_simulations/share/turtlebot3_simulations/cmake/turtlebot3_simulationsConfig-version.cmake
[0.933s] -- Symlinking: /home/ahmed/pso_visual_ws/install/turtlebot3_simulations/share/turtlebot3_simulations/package.xml
[0.941s] Invoked command in '/home/ahmed/pso_visual_ws/build/turtlebot3_simulations' returned '0': AMENT_PREFIX_PATH=/home/ahmed/pso_visual_ws/install/turtlebot3_gazebo:/home/ahmed/pso_visual_ws/install/turtlebot3_fake_node:${AMENT_PREFIX_PATH} CMAKE_PREFIX_PATH=/home/ahmed/pso_visual_ws/install/turtlebot3_gazebo:/home/ahmed/pso_visual_ws/install/turtlebot3_fake_node:/home/ahmed/pso_visual_ws/install/pso_visual:/opt/ros/humble /usr/bin/cmake --install /home/ahmed/pso_visual_ws/build/turtlebot3_simulations
