[0.864s] Invoking command in '/home/ahmed/pso_visual_ws/build/turtlebot3_example': PYTHONPATH=/home/ahmed/pso_visual_ws/build/turtlebot3_example/prefix_override:/usr/lib/python3/dist-packages/colcon_core/task/python/colcon_distutils_commands:/home/ahmed/pso_visual_ws/install/turtlebot3_example/lib/python3.10/site-packages:${PYTHONPATH} /usr/bin/python3 -W ignore:setup.py install is deprecated -W ignore:easy_install command is deprecated setup.py develop --editable --build-directory /home/ahmed/pso_visual_ws/build/turtlebot3_example/build --no-deps symlink_data
[1.874s] running develop
[1.874s] running egg_info
[1.874s] writing turtlebot3_example.egg-info/PKG-INFO
[1.874s] writing dependency_links to turtlebot3_example.egg-info/dependency_links.txt
[1.874s] writing entry points to turtlebot3_example.egg-info/entry_points.txt
[1.874s] writing requirements to turtlebot3_example.egg-info/requires.txt
[1.874s] writing top-level names to turtlebot3_example.egg-info/top_level.txt
[1.874s] reading manifest file 'turtlebot3_example.egg-info/SOURCES.txt'
[1.874s] writing manifest file 'turtlebot3_example.egg-info/SOURCES.txt'
[1.874s] running build_ext
[1.874s] Creating /home/ahmed/pso_visual_ws/install/turtlebot3_example/lib/python3.10/site-packages/turtlebot3-example.egg-link (link to .)
[1.874s] Installing turtlebot3_absolute_move script to /home/ahmed/pso_visual_ws/install/turtlebot3_example/lib/turtlebot3_example
[1.874s] Installing turtlebot3_interactive_marker script to /home/ahmed/pso_visual_ws/install/turtlebot3_example/lib/turtlebot3_example
[1.874s] Installing turtlebot3_obstacle_detection script to /home/ahmed/pso_visual_ws/install/turtlebot3_example/lib/turtlebot3_example
[1.874s] Installing turtlebot3_patrol_client script to /home/ahmed/pso_visual_ws/install/turtlebot3_example/lib/turtlebot3_example
[1.874s] Installing turtlebot3_patrol_server script to /home/ahmed/pso_visual_ws/install/turtlebot3_example/lib/turtlebot3_example
[1.874s] Installing turtlebot3_relative_move script to /home/ahmed/pso_visual_ws/install/turtlebot3_example/lib/turtlebot3_example
[1.874s] 
[1.874s] Installed /home/ahmed/pso_visual_ws/build/turtlebot3_example
[1.874s] running symlink_data
