[0.023s] Invoking command in '/home/ahmed/pso_visual_ws/build/turtlebot3_bringup': AMENT_PREFIX_PATH=/home/ahmed/pso_visual_ws/install/turtlebot3_node:/home/ahmed/pso_visual_ws/install/turtlebot3_description:${AMENT_PREFIX_PATH} CMAKE_PREFIX_PATH=/home/ahmed/pso_visual_ws/install/turtlebot3_node:/home/ahmed/pso_visual_ws/install/turtlebot3_description:/home/ahmed/pso_visual_ws/install/pso_visual:/opt/ros/humble /usr/bin/cmake /home/ahmed/pso_visual_ws/src/turtlebot3/turtlebot3_bringup -DAMENT_CMAKE_SYMLINK_INSTALL=1 -DCMAKE_INSTALL_PREFIX=/home/ahmed/pso_visual_ws/install/turtlebot3_bringup
[0.108s] -- The C compiler identification is GNU 11.4.0
[0.215s] -- The CXX compiler identification is GNU 11.4.0
[0.345s] -- Detecting C compiler ABI info
[0.593s] -- Detecting C compiler ABI info - done
[0.603s] -- Check for working C compiler: /usr/bin/cc - skipped
[0.603s] -- Detecting C compile features
[0.604s] -- Detecting C compile features - done
[0.607s] -- Detecting CXX compiler ABI info
[0.776s] -- Detecting CXX compiler ABI info - done
[0.776s] -- Check for working CXX compiler: /usr/bin/c++ - skipped
[0.796s] -- Detecting CXX compile features
[0.796s] -- Detecting CXX compile features - done
[0.797s] -- Found ament_cmake: 1.3.11 (/opt/ros/humble/share/ament_cmake/cmake)
[1.012s] -- Found Python3: /usr/bin/python3 (found version "3.10.12") found components: Interpreter 
[1.089s] -- Override CMake install command with custom implementation using symlinks instead of copying resources
[1.169s] -- Configuring done
[1.172s] -- Generating done
[1.178s] -- Build files have been written to: /home/ahmed/pso_visual_ws/build/turtlebot3_bringup
[1.204s] Invoked command in '/home/ahmed/pso_visual_ws/build/turtlebot3_bringup' returned '0': AMENT_PREFIX_PATH=/home/ahmed/pso_visual_ws/install/turtlebot3_node:/home/ahmed/pso_visual_ws/install/turtlebot3_description:${AMENT_PREFIX_PATH} CMAKE_PREFIX_PATH=/home/ahmed/pso_visual_ws/install/turtlebot3_node:/home/ahmed/pso_visual_ws/install/turtlebot3_description:/home/ahmed/pso_visual_ws/install/pso_visual:/opt/ros/humble /usr/bin/cmake /home/ahmed/pso_visual_ws/src/turtlebot3/turtlebot3_bringup -DAMENT_CMAKE_SYMLINK_INSTALL=1 -DCMAKE_INSTALL_PREFIX=/home/ahmed/pso_visual_ws/install/turtlebot3_bringup
[1.204s] Invoking command in '/home/ahmed/pso_visual_ws/build/turtlebot3_bringup': AMENT_PREFIX_PATH=/home/ahmed/pso_visual_ws/install/turtlebot3_node:/home/ahmed/pso_visual_ws/install/turtlebot3_description:${AMENT_PREFIX_PATH} CMAKE_PREFIX_PATH=/home/ahmed/pso_visual_ws/install/turtlebot3_node:/home/ahmed/pso_visual_ws/install/turtlebot3_description:/home/ahmed/pso_visual_ws/install/pso_visual:/opt/ros/humble /usr/bin/cmake --build /home/ahmed/pso_visual_ws/build/turtlebot3_bringup -- -j4 -l4
[1.254s] Invoked command in '/home/ahmed/pso_visual_ws/build/turtlebot3_bringup' returned '0': AMENT_PREFIX_PATH=/home/ahmed/pso_visual_ws/install/turtlebot3_node:/home/ahmed/pso_visual_ws/install/turtlebot3_description:${AMENT_PREFIX_PATH} CMAKE_PREFIX_PATH=/home/ahmed/pso_visual_ws/install/turtlebot3_node:/home/ahmed/pso_visual_ws/install/turtlebot3_description:/home/ahmed/pso_visual_ws/install/pso_visual:/opt/ros/humble /usr/bin/cmake --build /home/ahmed/pso_visual_ws/build/turtlebot3_bringup -- -j4 -l4
[1.255s] Invoking command in '/home/ahmed/pso_visual_ws/build/turtlebot3_bringup': AMENT_PREFIX_PATH=/home/ahmed/pso_visual_ws/install/turtlebot3_node:/home/ahmed/pso_visual_ws/install/turtlebot3_description:${AMENT_PREFIX_PATH} CMAKE_PREFIX_PATH=/home/ahmed/pso_visual_ws/install/turtlebot3_node:/home/ahmed/pso_visual_ws/install/turtlebot3_description:/home/ahmed/pso_visual_ws/install/pso_visual:/opt/ros/humble /usr/bin/cmake --install /home/ahmed/pso_visual_ws/build/turtlebot3_bringup
[1.269s] -- Install configuration: ""
[1.270s] -- Execute custom install script
[1.282s] -- Symlinking: /home/ahmed/pso_visual_ws/install/turtlebot3_bringup/share/turtlebot3_bringup/launch/robot.launch.py
[1.294s] -- Symlinking: /home/ahmed/pso_visual_ws/install/turtlebot3_bringup/share/turtlebot3_bringup/launch/rviz2.launch.py
[1.305s] -- Symlinking: /home/ahmed/pso_visual_ws/install/turtlebot3_bringup/share/turtlebot3_bringup/launch/turtlebot3_state_publisher.launch.py
[1.322s] -- Symlinking: /home/ahmed/pso_visual_ws/install/turtlebot3_bringup/share/turtlebot3_bringup/param/burger.yaml
[1.337s] -- Symlinking: /home/ahmed/pso_visual_ws/install/turtlebot3_bringup/share/turtlebot3_bringup/param/humble/burger.yaml
[1.381s] -- Symlinking: /home/ahmed/pso_visual_ws/install/turtlebot3_bringup/share/turtlebot3_bringup/param/humble/waffle.yaml
[1.392s] -- Symlinking: /home/ahmed/pso_visual_ws/install/turtlebot3_bringup/share/turtlebot3_bringup/param/humble/waffle_pi.yaml
[1.408s] -- Symlinking: /home/ahmed/pso_visual_ws/install/turtlebot3_bringup/share/turtlebot3_bringup/param/waffle.yaml
[1.417s] -- Symlinking: /home/ahmed/pso_visual_ws/install/turtlebot3_bringup/share/turtlebot3_bringup/param/waffle_pi.yaml
[1.428s] -- Symlinking: /home/ahmed/pso_visual_ws/install/turtlebot3_bringup/share/turtlebot3_bringup/script/99-turtlebot3-cdc.rules
[1.438s] -- Symlinking: /home/ahmed/pso_visual_ws/install/turtlebot3_bringup/share/turtlebot3_bringup/script/create_udev_rules
[1.448s] -- Symlinking: /home/ahmed/pso_visual_ws/install/turtlebot3_bringup/share/ament_index/resource_index/package_run_dependencies/turtlebot3_bringup
[1.470s] -- Symlinking: /home/ahmed/pso_visual_ws/install/turtlebot3_bringup/share/ament_index/resource_index/parent_prefix_path/turtlebot3_bringup
[1.474s] -- Symlinking: /home/ahmed/pso_visual_ws/install/turtlebot3_bringup/share/turtlebot3_bringup/environment/ament_prefix_path.sh
[1.483s] -- Symlinking: /home/ahmed/pso_visual_ws/install/turtlebot3_bringup/share/turtlebot3_bringup/environment/ament_prefix_path.dsv
[1.494s] -- Symlinking: /home/ahmed/pso_visual_ws/install/turtlebot3_bringup/share/turtlebot3_bringup/environment/path.sh
[1.503s] -- Symlinking: /home/ahmed/pso_visual_ws/install/turtlebot3_bringup/share/turtlebot3_bringup/environment/path.dsv
[1.512s] -- Symlinking: /home/ahmed/pso_visual_ws/install/turtlebot3_bringup/share/turtlebot3_bringup/local_setup.bash
[1.524s] -- Symlinking: /home/ahmed/pso_visual_ws/install/turtlebot3_bringup/share/turtlebot3_bringup/local_setup.sh
[1.534s] -- Symlinking: /home/ahmed/pso_visual_ws/install/turtlebot3_bringup/share/turtlebot3_bringup/local_setup.zsh
[1.542s] -- Symlinking: /home/ahmed/pso_visual_ws/install/turtlebot3_bringup/share/turtlebot3_bringup/local_setup.dsv
[1.552s] -- Symlinking: /home/ahmed/pso_visual_ws/install/turtlebot3_bringup/share/turtlebot3_bringup/package.dsv
[1.568s] -- Symlinking: /home/ahmed/pso_visual_ws/install/turtlebot3_bringup/share/ament_index/resource_index/packages/turtlebot3_bringup
[1.571s] -- Symlinking: /home/ahmed/pso_visual_ws/install/turtlebot3_bringup/share/turtlebot3_bringup/cmake/turtlebot3_bringupConfig.cmake
[1.583s] -- Symlinking: /home/ahmed/pso_visual_ws/install/turtlebot3_bringup/share/turtlebot3_bringup/cmake/turtlebot3_bringupConfig-version.cmake
[1.592s] -- Symlinking: /home/ahmed/pso_visual_ws/install/turtlebot3_bringup/share/turtlebot3_bringup/package.xml
[1.614s] Invoked command in '/home/ahmed/pso_visual_ws/build/turtlebot3_bringup' returned '0': AMENT_PREFIX_PATH=/home/ahmed/pso_visual_ws/install/turtlebot3_node:/home/ahmed/pso_visual_ws/install/turtlebot3_description:${AMENT_PREFIX_PATH} CMAKE_PREFIX_PATH=/home/ahmed/pso_visual_ws/install/turtlebot3_node:/home/ahmed/pso_visual_ws/install/turtlebot3_description:/home/ahmed/pso_visual_ws/install/pso_visual:/opt/ros/humble /usr/bin/cmake --install /home/ahmed/pso_visual_ws/build/turtlebot3_bringup
