[35m[1mConsolidate compiler generated dependencies of target turtlebot3_node_lib[0m
[ 85%] Built target turtlebot3_node_lib
[35m[1mConsolidate compiler generated dependencies of target turtlebot3_ros[0m
[100%] Built target turtlebot3_ros
-- Install configuration: ""
-- Execute custom install script
-- Symlinking: /home/ahmed/pso_visual_ws/install/turtlebot3_node/share/turtlebot3_node/param/burger.yaml
-- Symlinking: /home/ahmed/pso_visual_ws/install/turtlebot3_node/share/turtlebot3_node/param/waffle.yaml
-- Symlinking: /home/ahmed/pso_visual_ws/install/turtlebot3_node/share/turtlebot3_node/param/waffle_pi.yaml
-- Symlinking: /home/ahmed/pso_visual_ws/install/turtlebot3_node/lib/turtlebot3_node/turtlebot3_ros
-- Symlinking: /home/ahmed/pso_visual_ws/install/turtlebot3_node/share/ament_index/resource_index/package_run_dependencies/turtlebot3_node
-- Symlinking: /home/ahmed/pso_visual_ws/install/turtlebot3_node/share/ament_index/resource_index/parent_prefix_path/turtlebot3_node
-- Symlinking: /home/ahmed/pso_visual_ws/install/turtlebot3_node/share/turtlebot3_node/environment/ament_prefix_path.sh
-- Symlinking: /home/ahmed/pso_visual_ws/install/turtlebot3_node/share/turtlebot3_node/environment/ament_prefix_path.dsv
-- Symlinking: /home/ahmed/pso_visual_ws/install/turtlebot3_node/share/turtlebot3_node/environment/path.sh
-- Symlinking: /home/ahmed/pso_visual_ws/install/turtlebot3_node/share/turtlebot3_node/environment/path.dsv
-- Symlinking: /home/ahmed/pso_visual_ws/install/turtlebot3_node/share/turtlebot3_node/local_setup.bash
-- Symlinking: /home/ahmed/pso_visual_ws/install/turtlebot3_node/share/turtlebot3_node/local_setup.sh
-- Symlinking: /home/ahmed/pso_visual_ws/install/turtlebot3_node/share/turtlebot3_node/local_setup.zsh
-- Symlinking: /home/ahmed/pso_visual_ws/install/turtlebot3_node/share/turtlebot3_node/local_setup.dsv
-- Symlinking: /home/ahmed/pso_visual_ws/install/turtlebot3_node/share/turtlebot3_node/package.dsv
-- Symlinking: /home/ahmed/pso_visual_ws/install/turtlebot3_node/share/ament_index/resource_index/packages/turtlebot3_node
-- Symlinking: /home/ahmed/pso_visual_ws/install/turtlebot3_node/share/turtlebot3_node/cmake/ament_cmake_export_include_directories-extras.cmake
-- Symlinking: /home/ahmed/pso_visual_ws/install/turtlebot3_node/share/turtlebot3_node/cmake/turtlebot3_nodeConfig.cmake
-- Symlinking: /home/ahmed/pso_visual_ws/install/turtlebot3_node/share/turtlebot3_node/cmake/turtlebot3_nodeConfig-version.cmake
-- Symlinking: /home/ahmed/pso_visual_ws/install/turtlebot3_node/share/turtlebot3_node/package.xml
