[0.088s] Invoking command in '/home/ahmed/pso_visual_ws/build/turtlebot3_cartographer': CMAKE_PREFIX_PATH=/home/ahmed/pso_visual_ws/install/pso_visual:/opt/ros/humble /usr/bin/cmake /home/ahmed/pso_visual_ws/src/turtlebot3/turtlebot3_cartographer -DAMENT_CMAKE_SYMLINK_INSTALL=1 -DCMAKE_INSTALL_PREFIX=/home/ahmed/pso_visual_ws/install/turtlebot3_cartographer
[0.319s] -- The C compiler identification is GNU 11.4.0
[0.512s] -- The CXX compiler identification is GNU 11.4.0
[0.529s] -- Detecting C compiler ABI info
[0.669s] -- Detecting C compiler ABI info - done
[0.673s] -- Check for working C compiler: /usr/bin/cc - skipped
[0.673s] -- Detecting C compile features
[0.673s] -- Detecting C compile features - done
[0.678s] -- Detecting CXX compiler ABI info
[0.796s] -- Detecting CXX compiler ABI info - done
[0.796s] -- Check for working CXX compiler: /usr/bin/c++ - skipped
[0.796s] -- Detecting CXX compile features
[0.796s] -- Detecting CXX compile features - done
[0.799s] -- Found ament_cmake: 1.3.11 (/opt/ros/humble/share/ament_cmake/cmake)
[1.031s] -- Found Python3: /usr/bin/python3 (found version "3.10.12") found components: Interpreter 
[1.118s] -- Override CMake install command with custom implementation using symlinks instead of copying resources
[1.278s] -- Configuring done
[1.278s] -- Generating done
[1.278s] -- Build files have been written to: /home/ahmed/pso_visual_ws/build/turtlebot3_cartographer
[1.292s] Invoked command in '/home/ahmed/pso_visual_ws/build/turtlebot3_cartographer' returned '0': CMAKE_PREFIX_PATH=/home/ahmed/pso_visual_ws/install/pso_visual:/opt/ros/humble /usr/bin/cmake /home/ahmed/pso_visual_ws/src/turtlebot3/turtlebot3_cartographer -DAMENT_CMAKE_SYMLINK_INSTALL=1 -DCMAKE_INSTALL_PREFIX=/home/ahmed/pso_visual_ws/install/turtlebot3_cartographer
[1.293s] Invoking command in '/home/ahmed/pso_visual_ws/build/turtlebot3_cartographer': CMAKE_PREFIX_PATH=/home/ahmed/pso_visual_ws/install/pso_visual:/opt/ros/humble /usr/bin/cmake --build /home/ahmed/pso_visual_ws/build/turtlebot3_cartographer -- -j4 -l4
[1.396s] Invoked command in '/home/ahmed/pso_visual_ws/build/turtlebot3_cartographer' returned '0': CMAKE_PREFIX_PATH=/home/ahmed/pso_visual_ws/install/pso_visual:/opt/ros/humble /usr/bin/cmake --build /home/ahmed/pso_visual_ws/build/turtlebot3_cartographer -- -j4 -l4
[1.420s] Invoking command in '/home/ahmed/pso_visual_ws/build/turtlebot3_cartographer': CMAKE_PREFIX_PATH=/home/ahmed/pso_visual_ws/install/pso_visual:/opt/ros/humble /usr/bin/cmake --install /home/ahmed/pso_visual_ws/build/turtlebot3_cartographer
[1.439s] -- Install configuration: ""
[1.439s] -- Execute custom install script
[1.439s] -- Symlinking: /home/ahmed/pso_visual_ws/install/turtlebot3_cartographer/share/turtlebot3_cartographer/config/turtlebot3_lds_2d.lua
[1.451s] -- Symlinking: /home/ahmed/pso_visual_ws/install/turtlebot3_cartographer/share/turtlebot3_cartographer/launch/cartographer.launch.py
[1.462s] -- Symlinking: /home/ahmed/pso_visual_ws/install/turtlebot3_cartographer/share/turtlebot3_cartographer/launch/occupancy_grid.launch.py
[1.472s] -- Symlinking: /home/ahmed/pso_visual_ws/install/turtlebot3_cartographer/share/turtlebot3_cartographer/rviz/tb3_cartographer.rviz
[1.495s] -- Symlinking: /home/ahmed/pso_visual_ws/install/turtlebot3_cartographer/share/ament_index/resource_index/package_run_dependencies/turtlebot3_cartographer
[1.513s] -- Symlinking: /home/ahmed/pso_visual_ws/install/turtlebot3_cartographer/share/ament_index/resource_index/parent_prefix_path/turtlebot3_cartographer
[1.557s] -- Symlinking: /home/ahmed/pso_visual_ws/install/turtlebot3_cartographer/share/turtlebot3_cartographer/environment/ament_prefix_path.sh
[1.568s] -- Symlinking: /home/ahmed/pso_visual_ws/install/turtlebot3_cartographer/share/turtlebot3_cartographer/environment/ament_prefix_path.dsv
[1.578s] -- Symlinking: /home/ahmed/pso_visual_ws/install/turtlebot3_cartographer/share/turtlebot3_cartographer/environment/path.sh
[1.638s] -- Symlinking: /home/ahmed/pso_visual_ws/install/turtlebot3_cartographer/share/turtlebot3_cartographer/environment/path.dsv
[1.651s] -- Symlinking: /home/ahmed/pso_visual_ws/install/turtlebot3_cartographer/share/turtlebot3_cartographer/local_setup.bash
[1.665s] -- Symlinking: /home/ahmed/pso_visual_ws/install/turtlebot3_cartographer/share/turtlebot3_cartographer/local_setup.sh
[1.680s] -- Symlinking: /home/ahmed/pso_visual_ws/install/turtlebot3_cartographer/share/turtlebot3_cartographer/local_setup.zsh
[1.708s] -- Symlinking: /home/ahmed/pso_visual_ws/install/turtlebot3_cartographer/share/turtlebot3_cartographer/local_setup.dsv
[1.729s] -- Symlinking: /home/ahmed/pso_visual_ws/install/turtlebot3_cartographer/share/turtlebot3_cartographer/package.dsv
[1.741s] -- Symlinking: /home/ahmed/pso_visual_ws/install/turtlebot3_cartographer/share/ament_index/resource_index/packages/turtlebot3_cartographer
[1.752s] -- Symlinking: /home/ahmed/pso_visual_ws/install/turtlebot3_cartographer/share/turtlebot3_cartographer/cmake/turtlebot3_cartographerConfig.cmake
[1.761s] -- Symlinking: /home/ahmed/pso_visual_ws/install/turtlebot3_cartographer/share/turtlebot3_cartographer/cmake/turtlebot3_cartographerConfig-version.cmake
[1.769s] -- Symlinking: /home/ahmed/pso_visual_ws/install/turtlebot3_cartographer/share/turtlebot3_cartographer/package.xml
[1.807s] Invoked command in '/home/ahmed/pso_visual_ws/build/turtlebot3_cartographer' returned '0': CMAKE_PREFIX_PATH=/home/ahmed/pso_visual_ws/install/pso_visual:/opt/ros/humble /usr/bin/cmake --install /home/ahmed/pso_visual_ws/build/turtlebot3_cartographer
