[0.010s] Invoking command in '/home/ahmed/pso_visual_ws/build/turtlebot3_gazebo': CMAKE_PREFIX_PATH=/home/ahmed/pso_visual_ws/install/pso_visual:/opt/ros/humble /usr/bin/cmake /home/ahmed/pso_visual_ws/src/turtlebot3_simulations/turtlebot3_gazebo -DAMENT_CMAKE_SYMLINK_INSTALL=1 -DCMAKE_INSTALL_PREFIX=/home/ahmed/pso_visual_ws/install/turtlebot3_gazebo
[0.127s] -- The C compiler identification is GNU 11.4.0
[0.212s] -- The CXX compiler identification is GNU 11.4.0
[0.242s] -- Detecting C compiler ABI info
[0.366s] -- Detecting C compiler ABI info - done
[0.372s] -- Check for working C compiler: /usr/bin/cc - skipped
[0.372s] -- Detecting C compile features
[0.376s] -- Detecting C compile features - done
[0.376s] -- Detecting CXX compiler ABI info
[0.490s] -- Detecting CXX compiler ABI info - done
[0.497s] -- Check for working CXX compiler: /usr/bin/c++ - skipped
[0.497s] -- Detecting CXX compile features
[0.498s] -- Detecting CXX compile features - done
[0.499s] -- Found ament_cmake: 1.3.11 (/opt/ros/humble/share/ament_cmake/cmake)
[0.671s] -- Found Python3: /usr/bin/python3 (found version "3.10.12") found components: Interpreter 
[0.752s] -- Override CMake install command with custom implementation using symlinks instead of copying resources
[0.780s] [31mCMake Error at CMakeLists.txt:23 (find_package):
[0.780s]   By not providing "Findros_gz_sim.cmake" in CMAKE_MODULE_PATH this project
[0.780s]   has asked CMake to find a package configuration file provided by
[0.780s]   "ros_gz_sim", but CMake did not find one.
[0.780s] 
[0.780s]   Could not find a package configuration file provided by "ros_gz_sim" with
[0.780s]   any of the following names:
[0.780s] 
[0.780s]     ros_gz_simConfig.cmake
[0.780s]     ros_gz_sim-config.cmake
[0.780s] 
[0.780s]   Add the installation prefix of "ros_gz_sim" to CMAKE_PREFIX_PATH or set
[0.780s]   "ros_gz_sim_DIR" to a directory containing one of the above files.  If
[0.780s]   "ros_gz_sim" provides a separate development package or SDK, be sure it has
[0.780s]   been installed.
[0.780s] 
[0.780s] [0m
[0.784s] -- Configuring incomplete, errors occurred!
[0.784s] See also "/home/ahmed/pso_visual_ws/build/turtlebot3_gazebo/CMakeFiles/CMakeOutput.log".
[0.790s] Invoked command in '/home/ahmed/pso_visual_ws/build/turtlebot3_gazebo' returned '1': CMAKE_PREFIX_PATH=/home/ahmed/pso_visual_ws/install/pso_visual:/opt/ros/humble /usr/bin/cmake /home/ahmed/pso_visual_ws/src/turtlebot3_simulations/turtlebot3_gazebo -DAMENT_CMAKE_SYMLINK_INSTALL=1 -DCMAKE_INSTALL_PREFIX=/home/ahmed/pso_visual_ws/install/turtlebot3_gazebo
