[0.073s] Invoking command in '/home/ahmed/pso_visual_ws/build/turtlebot3_gazebo': CMAKE_PREFIX_PATH=/home/ahmed/pso_visual_ws/install/pso_visual:/opt/ros/humble /usr/bin/cmake /home/ahmed/pso_visual_ws/src/turtlebot3_simulations/turtlebot3_gazebo -DAMENT_CMAKE_SYMLINK_INSTALL=1 -DCMAKE_INSTALL_PREFIX=/home/ahmed/pso_visual_ws/install/turtlebot3_gazebo
[0.146s] -- Found ament_cmake: 1.3.11 (/opt/ros/humble/share/ament_cmake/cmake)
[0.560s] -- Override CMake install command with custom implementation using symlinks instead of copying resources
[0.579s] [31mCMake Error at CMakeLists.txt:23 (find_package):
[0.579s]   By not providing "Findros_gz_sim.cmake" in CMAKE_MODULE_PATH this project
[0.579s]   has asked CMake to find a package configuration file provided by
[0.579s]   "ros_gz_sim", but CMake did not find one.
[0.579s] 
[0.579s]   Could not find a package configuration file provided by "ros_gz_sim" with
[0.579s]   any of the following names:
[0.579s] 
[0.579s]     ros_gz_simConfig.cmake
[0.579s]     ros_gz_sim-config.cmake
[0.579s] 
[0.579s]   Add the installation prefix of "ros_gz_sim" to CMAKE_PREFIX_PATH or set
[0.579s]   "ros_gz_sim_DIR" to a directory containing one of the above files.  If
[0.579s]   "ros_gz_sim" provides a separate development package or SDK, be sure it has
[0.579s]   been installed.
[0.579s] 
[0.580s] [0m
[0.586s] -- Configuring incomplete, errors occurred!
[0.586s] See also "/home/ahmed/pso_visual_ws/build/turtlebot3_gazebo/CMakeFiles/CMakeOutput.log".
[1.064s] Invoked command in '/home/ahmed/pso_visual_ws/build/turtlebot3_gazebo' returned '1': CMAKE_PREFIX_PATH=/home/ahmed/pso_visual_ws/install/pso_visual:/opt/ros/humble /usr/bin/cmake /home/ahmed/pso_visual_ws/src/turtlebot3_simulations/turtlebot3_gazebo -DAMENT_CMAKE_SYMLINK_INSTALL=1 -DCMAKE_INSTALL_PREFIX=/home/ahmed/pso_visual_ws/install/turtlebot3_gazebo
