[0.712s] Invoking command in '/home/ahmed/pso_visual_ws/build/turtlebot3_example': PYTHONPATH=/home/ahmed/pso_visual_ws/build/turtlebot3_example/prefix_override:/usr/lib/python3/dist-packages/colcon_core/task/python/colcon_distutils_commands:/home/ahmed/pso_visual_ws/install/turtlebot3_example/lib/python3.10/site-packages:${PYTHONPATH} /usr/bin/python3 -W ignore:setup.py install is deprecated -W ignore:easy_install command is deprecated setup.py develop --editable --build-directory /home/ahmed/pso_visual_ws/build/turtlebot3_example/build --no-deps symlink_data
[0.984s] running develop
[1.121s] running egg_info
[1.121s] creating turtlebot3_example.egg-info
[1.121s] writing turtlebot3_example.egg-info/PKG-INFO
[1.121s] writing dependency_links to turtlebot3_example.egg-info/dependency_links.txt
[1.122s] writing entry points to turtlebot3_example.egg-info/entry_points.txt
[1.122s] writing requirements to turtlebot3_example.egg-info/requires.txt
[1.122s] writing top-level names to turtlebot3_example.egg-info/top_level.txt
[1.122s] writing manifest file 'turtlebot3_example.egg-info/SOURCES.txt'
[1.124s] reading manifest file 'turtlebot3_example.egg-info/SOURCES.txt'
[1.126s] writing manifest file 'turtlebot3_example.egg-info/SOURCES.txt'
[1.127s] running build_ext
[1.127s] Creating /home/ahmed/pso_visual_ws/install/turtlebot3_example/lib/python3.10/site-packages/turtlebot3-example.egg-link (link to .)
[1.127s] Installing turtlebot3_absolute_move script to /home/ahmed/pso_visual_ws/install/turtlebot3_example/lib/turtlebot3_example
[1.127s] Installing turtlebot3_interactive_marker script to /home/ahmed/pso_visual_ws/install/turtlebot3_example/lib/turtlebot3_example
[1.127s] Installing turtlebot3_obstacle_detection script to /home/ahmed/pso_visual_ws/install/turtlebot3_example/lib/turtlebot3_example
[1.127s] Installing turtlebot3_patrol_client script to /home/ahmed/pso_visual_ws/install/turtlebot3_example/lib/turtlebot3_example
[1.127s] Installing turtlebot3_patrol_server script to /home/ahmed/pso_visual_ws/install/turtlebot3_example/lib/turtlebot3_example
[1.127s] Installing turtlebot3_relative_move script to /home/ahmed/pso_visual_ws/install/turtlebot3_example/lib/turtlebot3_example
[1.128s] 
[1.128s] Installed /home/ahmed/pso_visual_ws/build/turtlebot3_example
[1.128s] running symlink_data
[1.128s] creating /home/ahmed/pso_visual_ws/install/turtlebot3_example/share/ament_index
[1.129s] creating /home/ahmed/pso_visual_ws/install/turtlebot3_example/share/ament_index/resource_index
[1.129s] creating /home/ahmed/pso_visual_ws/install/turtlebot3_example/share/ament_index/resource_index/packages
[1.129s] symbolically linking /home/ahmed/pso_visual_ws/build/turtlebot3_example/resource/turtlebot3_example -> /home/ahmed/pso_visual_ws/install/turtlebot3_example/share/ament_index/resource_index/packages
[1.129s] symbolically linking /home/ahmed/pso_visual_ws/build/turtlebot3_example/package.xml -> /home/ahmed/pso_visual_ws/install/turtlebot3_example/share/turtlebot3_example
[1.158s] Invoked command in '/home/ahmed/pso_visual_ws/build/turtlebot3_example' returned '0': PYTHONPATH=/home/ahmed/pso_visual_ws/build/turtlebot3_example/prefix_override:/usr/lib/python3/dist-packages/colcon_core/task/python/colcon_distutils_commands:/home/ahmed/pso_visual_ws/install/turtlebot3_example/lib/python3.10/site-packages:${PYTHONPATH} /usr/bin/python3 -W ignore:setup.py install is deprecated -W ignore:easy_install command is deprecated setup.py develop --editable --build-directory /home/ahmed/pso_visual_ws/build/turtlebot3_example/build --no-deps symlink_data
